# JRE version: OpenJDK Runtime Environment (8.0_202-b03) (build 1.8.0_202-release-1483-b03)
# Java VM: OpenJDK 64-Bit Server VM (25.202-b03 mixed mode windows-amd64 compressed oops)
Heap:
 PSYoungGen      total 233472K, used 58161K [0x00000000e0000000, 0x00000000f1380000, 0x0000000100000000)
  eden space 212992K, 17% used [0x00000000e0000000,0x00000000e24d42b0,0x00000000ed000000)
  from space 20480K, 99% used [0x00000000eeb80000,0x00000000eff78178,0x00000000eff80000)
  to   space 28160K, 0% used [0x00000000ed000000,0x00000000ed000000,0x00000000eeb80000)
 ParOldGen       total 132608K, used 46888K [0x00000000a0000000, 0x00000000a8180000, 0x00000000e0000000)
  object space 132608K, 35% used [0x00000000a0000000,0x00000000a2dca340,0x00000000a8180000)
 Metaspace       used 66938K, capacity 69426K, committed 69592K, reserved 1110016K
  class space    used 8807K, capacity 9351K, committed 9472K, reserved 1048576K
GC Heap History (10 events):
Event: 23.031 GC heap before
{Heap before GC invocations=13 (full 2):
 PSYoungGen      total 154624K, used 154597K [0x00000000e0000000, 0x00000000eac80000, 0x0000000100000000)
  eden space 142848K, 100% used [0x00000000e0000000,0x00000000e8b80000,0x00000000e8b80000)
  from space 11776K, 99% used [0x00000000ea100000,0x00000000eac797e0,0x00000000eac80000)
  to   space 14336K, 0% used [0x00000000e9080000,0x00000000e9080000,0x00000000e9e80000)
 ParOldGen       total 86528K, used 19964K [0x00000000a0000000, 0x00000000a5480000, 0x00000000e0000000)
  object space 86528K, 23% used [0x00000000a0000000,0x00000000a137f2f0,0x00000000a5480000)
 Metaspace       used 54368K, capacity 55862K, committed 56152K, reserved 1097728K
  class space    used 7336K, capacity 7687K, committed 7808K, reserved 1048576K
Event: 23.082 GC heap after
Heap after GC invocations=13 (full 2):
 PSYoungGen      total 162304K, used 14333K [0x00000000e0000000, 0x00000000ed900000, 0x0000000100000000)
  eden space 147968K, 0% used [0x00000000e0000000,0x00000000e0000000,0x00000000e9080000)
  from space 14336K, 99% used [0x00000000e9080000,0x00000000e9e7f538,0x00000000e9e80000)
  to   space 18944K, 0% used [0x00000000ec680000,0x00000000ec680000,0x00000000ed900000)
 ParOldGen       total 86528K, used 28638K [0x00000000a0000000, 0x00000000a5480000, 0x00000000e0000000)
  object space 86528K, 33% used [0x00000000a0000000,0x00000000a1bf79c8,0x00000000a5480000)
 Metaspace       used 54368K, capacity 55862K, committed 56152K, reserved 1097728K
  class space    used 7336K, capacity 7687K, committed 7808K, reserved 1048576K
}
Event: 24.384 GC heap before
{Heap before GC invocations=14 (full 2):
 PSYoungGen      total 162304K, used 54849K [0x00000000e0000000, 0x00000000ed900000, 0x0000000100000000)
  eden space 147968K, 27% used [0x00000000e0000000,0x00000000e2791048,0x00000000e9080000)
  from space 14336K, 99% used [0x00000000e9080000,0x00000000e9e7f538,0x00000000e9e80000)
  to   space 18944K, 0% used [0x00000000ec680000,0x00000000ec680000,0x00000000ed900000)
 ParOldGen       total 86528K, used 28638K [0x00000000a0000000, 0x00000000a5480000, 0x00000000e0000000)
  object space 86528K, 33% used [0x00000000a0000000,0x00000000a1bf79c8,0x00000000a5480000)
 Metaspace       used 57535K, capacity 59018K, committed 59028K, reserved 1099776K
  class space    used 7812K, capacity 8187K, committed 8192K, reserved 1048576K
Event: 24.413 GC heap after
Heap after GC invocations=14 (full 2):
 PSYoungGen      total 203264K, used 3745K [0x00000000e0000000, 0x00000000ee300000, 0x0000000100000000)
  eden space 184320K, 0% used [0x00000000e0000000,0x00000000e0000000,0x00000000eb400000)
  from space 18944K, 19% used [0x00000000ec680000,0x00000000eca28770,0x00000000ed900000)
  to   space 18944K, 0% used [0x00000000eb400000,0x00000000eb400000,0x00000000ec680000)
 ParOldGen       total 86528K, used 38091K [0x00000000a0000000, 0x00000000a5480000, 0x00000000e0000000)
  object space 86528K, 44% used [0x00000000a0000000,0x00000000a2532f40,0x00000000a5480000)
 Metaspace       used 57535K, capacity 59018K, committed 59028K, reserved 1099776K
  class space    used 7812K, capacity 8187K, committed 8192K, reserved 1048576K
}
Event: 24.413 GC heap before
{Heap before GC invocations=15 (full 3):
 PSYoungGen      total 203264K, used 3745K [0x00000000e0000000, 0x00000000ee300000, 0x0000000100000000)
  eden space 184320K, 0% used [0x00000000e0000000,0x00000000e0000000,0x00000000eb400000)
  from space 18944K, 19% used [0x00000000ec680000,0x00000000eca28770,0x00000000ed900000)
  to   space 18944K, 0% used [0x00000000eb400000,0x00000000eb400000,0x00000000ec680000)
 ParOldGen       total 86528K, used 38091K [0x00000000a0000000, 0x00000000a5480000, 0x00000000e0000000)
  object space 86528K, 44% used [0x00000000a0000000,0x00000000a2532f40,0x00000000a5480000)
 Metaspace       used 57535K, capacity 59018K, committed 59028K, reserved 1099776K
  class space    used 7812K, capacity 8187K, committed 8192K, reserved 1048576K
Event: 24.843 GC heap after
Heap after GC invocations=15 (full 3):
 PSYoungGen      total 203264K, used 0K [0x00000000e0000000, 0x00000000ee300000, 0x0000000100000000)
  eden space 184320K, 0% used [0x00000000e0000000,0x00000000e0000000,0x00000000eb400000)
  from space 18944K, 0% used [0x00000000ec680000,0x00000000ec680000,0x00000000ed900000)
  to   space 18944K, 0% used [0x00000000eb400000,0x00000000eb400000,0x00000000ec680000)
 ParOldGen       total 132608K, used 34538K [0x00000000a0000000, 0x00000000a8180000, 0x00000000e0000000)
  object space 132608K, 26% used [0x00000000a0000000,0x00000000a21ba8d0,0x00000000a8180000)
 Metaspace       used 57535K, capacity 59018K, committed 59028K, reserved 1099776K
  class space    used 7812K, capacity 8187K, committed 8192K, reserved 1048576K
}
Event: 71.456 GC heap before
{Heap before GC invocations=16 (full 3):
 PSYoungGen      total 203264K, used 184320K [0x00000000e0000000, 0x00000000ee300000, 0x0000000100000000)
  eden space 184320K, 100% used [0x00000000e0000000,0x00000000eb400000,0x00000000eb400000)
  from space 18944K, 0% used [0x00000000ec680000,0x00000000ec680000,0x00000000ed900000)
  to   space 18944K, 0% used [0x00000000eb400000,0x00000000eb400000,0x00000000ec680000)
 ParOldGen       total 132608K, used 34538K [0x00000000a0000000, 0x00000000a8180000, 0x00000000e0000000)
  object space 132608K, 26% used [0x00000000a0000000,0x00000000a21ba8d0,0x00000000a8180000)
 Metaspace       used 64388K, capacity 66720K, committed 66904K, reserved 1107968K
  class space    used 8520K, capacity 9042K, committed 9088K, reserved 1048576K
Event: 71.511 GC heap after
Heap after GC invocations=16 (full 3):
 PSYoungGen      total 203264K, used 16026K [0x00000000e0000000, 0x00000000eff80000, 0x0000000100000000)
  eden space 184320K, 0% used [0x00000000e0000000,0x00000000e0000000,0x00000000eb400000)
  from space 18944K, 84% used [0x00000000eb400000,0x00000000ec3a68a0,0x00000000ec680000)
  to   space 20480K, 0% used [0x00000000eeb80000,0x00000000eeb80000,0x00000000eff80000)
 ParOldGen       total 132608K, used 34546K [0x00000000a0000000, 0x00000000a8180000, 0x00000000e0000000)
  object space 132608K, 26% used [0x00000000a0000000,0x00000000a21bc8d0,0x00000000a8180000)
 Metaspace       used 64388K, capacity 66720K, committed 66904K, reserved 1107968K
  class space    used 8520K, capacity 9042K, committed 9088K, reserved 1048576K
}
Event: 75.949 GC heap before
{Heap before GC invocations=17 (full 3):
 PSYoungGen      total 203264K, used 200346K [0x00000000e0000000, 0x00000000eff80000, 0x0000000100000000)
  eden space 184320K, 100% used [0x00000000e0000000,0x00000000eb400000,0x00000000eb400000)
  from space 18944K, 84% used [0x00000000eb400000,0x00000000ec3a68a0,0x00000000ec680000)
  to   space 20480K, 0% used [0x00000000eeb80000,0x00000000eeb80000,0x00000000eff80000)
 ParOldGen       total 132608K, used 34546K [0x00000000a0000000, 0x00000000a8180000, 0x00000000e0000000)
  object space 132608K, 26% used [0x00000000a0000000,0x00000000a21bc8d0,0x00000000a8180000)
 Metaspace       used 66587K, capacity 68936K, committed 69208K, reserved 1110016K
  class space    used 8761K, capacity 9292K, committed 9344K, reserved 1048576K
Event: 76.048 GC heap after
Heap after GC invocations=17 (full 3):
 PSYoungGen      total 233472K, used 20448K [0x00000000e0000000, 0x00000000f1380000, 0x0000000100000000)
  eden space 212992K, 0% used [0x00000000e0000000,0x00000000e0000000,0x00000000ed000000)
  from space 20480K, 99% used [0x00000000eeb80000,0x00000000eff78178,0x00000000eff80000)
  to   space 28160K, 0% used [0x00000000ed000000,0x00000000ed000000,0x00000000eeb80000)
 ParOldGen       total 132608K, used 46888K [0x00000000a0000000, 0x00000000a8180000, 0x00000000e0000000)
  object space 132608K, 35% used [0x00000000a0000000,0x00000000a2dca340,0x00000000a8180000)
 Metaspace       used 66587K, capacity 68936K, committed 69208K, reserved 1110016K
  class space    used 8761K, capacity 9292K, committed 9344K, reserved 1048576K
}

